app/build/intermediates/manifest_merge_blame_file/release/manifest-merger-blame-release-report.txt
1<?xml version="1.0" encoding="utf-8"?>
2<manifest xmlns:android="http://schemas.android.com/apk/res/android"
3    package="com.augmentcare.patient"
4    android:versionCode="97"
5    android:versionName="3.1.6" >
6
7    <uses-sdk
8        android:minSdkVersion="21"
8-->src/main/AndroidManifest.xml
9        android:targetSdkVersion="29" />
9-->src/main/AndroidManifest.xml
10    <!-- To auto-complete the email text field in the login form with the user's emails -->
11    <!--
12        <uses-permission android:name="android.permission.GET_ACCOUNTS" />
13        <uses-permission android:name="android.permission.READ_PROFILE" />
14        <uses-permission android:name="android.permission.READ_CONTACTS" />
15        <uses-permission android:name="android.permission.RECEIVE_SMS" />
16    -->
17    <uses-permission android:name="com.google.android.c2dm.permission.RECEIVE" />
17-->src/main/AndroidManifest.xml:12:5-82
17-->src/main/AndroidManifest.xml:12:22-79
18    <uses-permission android:name="android.permission.WAKE_LOCK" />
18-->src/main/AndroidManifest.xml:13:5-68
18-->src/main/AndroidManifest.xml:13:22-65
19    <uses-permission android:name="android.permission.DISABLE_KEYGUARD" />
19-->src/main/AndroidManifest.xml:14:5-75
19-->src/main/AndroidManifest.xml:14:22-72
20    <uses-permission android:name="android.permission.INTERNET" />
20-->src/main/AndroidManifest.xml:15:5-67
20-->src/main/AndroidManifest.xml:15:22-64
21    <uses-permission android:name="android.permission.ACCESS_FINE_LOCATION" />
21-->src/main/AndroidManifest.xml:16:5-79
21-->src/main/AndroidManifest.xml:16:22-76
22    <uses-permission android:name="android.permission.WRITE_EXTERNAL_STORAGE" />
22-->src/main/AndroidManifest.xml:17:5-81
22-->src/main/AndroidManifest.xml:17:22-78
23    <uses-permission android:name="android.permission.READ_EXTERNAL_STORAGE" />
23-->src/main/AndroidManifest.xml:18:5-80
23-->src/main/AndroidManifest.xml:18:22-77
24    <uses-permission android:name="android.permission.ACCESS_NETWORK_STATE" />
24-->src/main/AndroidManifest.xml:19:5-79
24-->src/main/AndroidManifest.xml:19:22-76
25    <uses-permission android:name="android.permission.ACCESS_WIFI_STATE" />
25-->src/main/AndroidManifest.xml:20:5-76
25-->src/main/AndroidManifest.xml:20:22-73
26    <uses-permission android:name="android.permission.VIBRATE" />
26-->src/main/AndroidManifest.xml:21:5-65
26-->src/main/AndroidManifest.xml:21:22-63
27    <uses-permission android:name="android.permission.SYSTEM_ALERT_WINDOW" />
27-->src/main/AndroidManifest.xml:22:5-77
27-->src/main/AndroidManifest.xml:22:22-75
28    <uses-permission android:name="android.permission.FOREGROUND_SERVICE" />
28-->src/main/AndroidManifest.xml:23:5-76
28-->src/main/AndroidManifest.xml:23:22-74
29    <uses-permission android:name="android.permission.USE_FULL_SCREEN_INTENT" />
29-->src/main/AndroidManifest.xml:24:5-80
29-->src/main/AndroidManifest.xml:24:22-78
30    <uses-permission android:name="android.permission.CAMERA" />
30-->[com.opentok.android:opentok-android-sdk:2.16.6] AndroidManifest.xml:9:5-65
30-->[com.opentok.android:opentok-android-sdk:2.16.6] AndroidManifest.xml:9:22-62
31    <uses-permission android:name="android.permission.RECORD_AUDIO" />
31-->[com.opentok.android:opentok-android-sdk:2.16.6] AndroidManifest.xml:11:5-71
31-->[com.opentok.android:opentok-android-sdk:2.16.6] AndroidManifest.xml:11:22-68
32    <uses-permission android:name="android.permission.MODIFY_AUDIO_SETTINGS" />
32-->[com.opentok.android:opentok-android-sdk:2.16.6] AndroidManifest.xml:12:5-80
32-->[com.opentok.android:opentok-android-sdk:2.16.6] AndroidManifest.xml:12:22-77
33    <uses-permission android:name="android.permission.BLUETOOTH" />
33-->[com.opentok.android:opentok-android-sdk:2.16.6] AndroidManifest.xml:13:5-68
33-->[com.opentok.android:opentok-android-sdk:2.16.6] AndroidManifest.xml:13:22-65
34    <uses-permission android:name="android.permission.BROADCAST_STICKY" />
34-->[com.opentok.android:opentok-android-sdk:2.16.6] AndroidManifest.xml:14:5-75
34-->[com.opentok.android:opentok-android-sdk:2.16.6] AndroidManifest.xml:14:22-72
35    <uses-permission android:name="android.permission.READ_PHONE_STATE" />
35-->[com.opentok.android:opentok-android-sdk:2.16.6] AndroidManifest.xml:15:5-75
35-->[com.opentok.android:opentok-android-sdk:2.16.6] AndroidManifest.xml:15:22-72
36
37    <uses-feature android:name="android.hardware.camera" />
37-->[com.opentok.android:opentok-android-sdk:2.16.6] AndroidManifest.xml:17:5-60
37-->[com.opentok.android:opentok-android-sdk:2.16.6] AndroidManifest.xml:17:19-57
38    <uses-feature
38-->[com.opentok.android:opentok-android-sdk:2.16.6] AndroidManifest.xml:18:5-20:36
39        android:name="android.hardware.camera.autofocus"
39-->[com.opentok.android:opentok-android-sdk:2.16.6] AndroidManifest.xml:19:9-57
40        android:required="false" />
40-->[com.opentok.android:opentok-android-sdk:2.16.6] AndroidManifest.xml:20:9-33
41    <uses-feature
41-->[com.opentok.android:opentok-android-sdk:2.16.6] AndroidManifest.xml:21:5-23:35
42        android:glEsVersion="0x00020000"
42-->[com.opentok.android:opentok-android-sdk:2.16.6] AndroidManifest.xml:22:9-41
43        android:required="true" />
43-->[com.opentok.android:opentok-android-sdk:2.16.6] AndroidManifest.xml:23:9-32
44
45    <uses-permission android:name="com.google.android.finsky.permission.BIND_GET_INSTALL_REFERRER_SERVICE" />
45-->[com.android.installreferrer:installreferrer:1.1.1] AndroidManifest.xml:5:5-110
45-->[com.android.installreferrer:installreferrer:1.1.1] AndroidManifest.xml:5:22-107
46
47    <application
47-->src/main/AndroidManifest.xml:26:5-238:19
48        android:name="com.augmentcare.patient.MyApp"
48-->src/main/AndroidManifest.xml:27:9-30
49        android:allowBackup="false"
49-->src/main/AndroidManifest.xml:28:9-36
50        android:appComponentFactory="androidx.core.app.CoreComponentFactory"
50-->[androidx.core:core:1.1.0] AndroidManifest.xml:24:18-86
51        android:icon="@mipmap/ic_launcher"
51-->src/main/AndroidManifest.xml:29:9-43
52        android:label="@string/app_name"
52-->src/main/AndroidManifest.xml:30:9-41
53        android:largeHeap="true"
53-->src/main/AndroidManifest.xml:31:9-33
54        android:networkSecurityConfig="@xml/web_cleartext_fix"
54-->src/main/AndroidManifest.xml:32:9-63
55        android:screenOrientation="portrait"
55-->src/main/AndroidManifest.xml:37:9-45
56        android:supportsRtl="true"
56-->src/main/AndroidManifest.xml:33:9-35
57        android:theme="@style/AppTheme" >
57-->src/main/AndroidManifest.xml:34:9-40
58        <activity android:name="com.augmentcare.patient.activities.AboutActivity" />
58-->src/main/AndroidManifest.xml:40:9-62
58-->src/main/AndroidManifest.xml:40:19-59
59
60        <meta-data
60-->src/main/AndroidManifest.xml:42:9-44:55
61            android:name="com.facebook.sdk.ApplicationId"
61-->src/main/AndroidManifest.xml:43:13-58
62            android:value="@string/facebook_app_id" />
62-->src/main/AndroidManifest.xml:44:13-52
63
64        <activity
64-->src/main/AndroidManifest.xml:46:9-55:20
65            android:name="com.augmentcare.patient.activities.HomeScreenActivity"
65-->src/main/AndroidManifest.xml:47:13-58
66            android:windowSoftInputMode="adjustPan" >
66-->src/main/AndroidManifest.xml:48:13-52
67            <intent-filter>
67-->src/main/AndroidManifest.xml:50:13-54:29
68                <action android:name="android.intent.action.MAIN" />
68-->src/main/AndroidManifest.xml:51:17-69
68-->src/main/AndroidManifest.xml:51:25-66
69
70                <category android:name="android.intent.category.LAUNCHER" />
70-->src/main/AndroidManifest.xml:53:17-77
70-->src/main/AndroidManifest.xml:53:27-74
71            </intent-filter>
72        </activity>
73
74        <!-- <activity android:name=".activities.PdfViewerActivity" /> -->
75        <activity
75-->src/main/AndroidManifest.xml:58:9-61:15
76            android:name="com.augmentcare.patient.activities.BankAlfalahPaymentSuccessActivity"
76-->src/main/AndroidManifest.xml:59:13-73
77            android:theme="@style/AppTheme.NoActionBar" />
77-->src/main/AndroidManifest.xml:60:13-56
78        <activity
78-->src/main/AndroidManifest.xml:62:9-65:50
79            android:name="com.augmentcare.patient.activities.TNCActivity"
79-->src/main/AndroidManifest.xml:63:13-51
80            android:label="@string/title_tnc"
80-->src/main/AndroidManifest.xml:64:13-46
81            android:theme="@style/AppTheme.TNC" />
81-->src/main/AndroidManifest.xml:65:13-48
82        <activity
82-->src/main/AndroidManifest.xml:66:9-69:47
83            android:name="com.augmentcare.patient.activities.ChatActivity"
83-->src/main/AndroidManifest.xml:67:13-52
84            android:theme="@style/AppTheme" />
84-->src/main/AndroidManifest.xml:69:13-44
85        <activity
85-->src/main/AndroidManifest.xml:70:9-74:66
86            android:name="com.augmentcare.patient.activities.VideoConsultationActivityOld"
86-->src/main/AndroidManifest.xml:71:13-68
87            android:launchMode="singleTop"
87-->src/main/AndroidManifest.xml:72:13-43
88            android:theme="@style/Theme.AppCompat.NoActionBar" />
88-->src/main/AndroidManifest.xml:74:13-63
89        <activity
89-->src/main/AndroidManifest.xml:75:9-82:66
90            android:name="com.augmentcare.patient.activities.VideoConsultationActivity"
90-->src/main/AndroidManifest.xml:76:13-65
91            android:launchMode="singleTop"
91-->src/main/AndroidManifest.xml:77:13-43
92            android:noHistory="true"
92-->src/main/AndroidManifest.xml:80:13-37
93            android:showWhenLocked="true"
93-->src/main/AndroidManifest.xml:79:13-42
94            android:theme="@style/Theme.AppCompat.NoActionBar"
94-->src/main/AndroidManifest.xml:82:13-63
95            android:turnScreenOn="true" />
95-->src/main/AndroidManifest.xml:81:13-40
96
97        <service
97-->src/main/AndroidManifest.xml:84:9-90:19
98            android:name="com.augmentcare.patient.notifications.ACFirebaseMessagingService"
98-->src/main/AndroidManifest.xml:85:13-69
99            android:exported="false" >
99-->src/main/AndroidManifest.xml:86:13-37
100            <intent-filter>
100-->src/main/AndroidManifest.xml:87:13-89:29
101                <action android:name="com.google.firebase.MESSAGING_EVENT" />
101-->src/main/AndroidManifest.xml:88:17-78
101-->src/main/AndroidManifest.xml:88:25-75
102            </intent-filter>
103        </service>
104
105        <activity
105-->src/main/AndroidManifest.xml:92:9-95:15
106            android:name="com.augmentcare.patient.activities.PaymentActivity"
106-->src/main/AndroidManifest.xml:93:13-55
107            android:label="Payment" />
107-->src/main/AndroidManifest.xml:94:13-36
108        <!-- <activity -->
109        <!-- android:name=".activities.GoogleSigninActivity" -->
110        <!--  -->
111        <!-- android:theme="@style/AppTheme.NoActionBar" -->
112        <!-- android:windowSoftInputMode="adjustResize|adjustPan" /> -->
113
114        <meta-data
114-->src/main/AndroidManifest.xml:42:9-44:55
115            android:name="com.facebook.sdk.ApplicationId"
115-->src/main/AndroidManifest.xml:43:13-58
116            android:value="@string/facebook_app_id" />
116-->src/main/AndroidManifest.xml:44:13-52
117        <meta-data
117-->src/main/AndroidManifest.xml:105:9-107:57
118            android:name="preloaded_fonts"
118-->src/main/AndroidManifest.xml:106:13-43
119            android:resource="@array/preloaded_fonts" />
119-->src/main/AndroidManifest.xml:107:13-54
120
121        <activity
121-->src/main/AndroidManifest.xml:109:9-113:54
122            android:name="com.augmentcare.patient.activities.AddAddressActivity"
122-->src/main/AndroidManifest.xml:110:13-58
123            android:label="@string/label_add_address_title"
123-->src/main/AndroidManifest.xml:111:13-60
124            android:theme="@style/AppTheme.Orange" />
124-->src/main/AndroidManifest.xml:113:13-51
125        <activity
125-->src/main/AndroidManifest.xml:116:9-120:54
126            android:name="com.augmentcare.patient.activities.VideoPlayerActivity"
126-->src/main/AndroidManifest.xml:117:13-59
127            android:configChanges="orientation|keyboardHidden|screenSize"
127-->src/main/AndroidManifest.xml:118:13-74
128            android:label="@string/title_activity_video_player"
128-->src/main/AndroidManifest.xml:119:13-64
129            android:theme="@style/FullscreenTheme" />
129-->src/main/AndroidManifest.xml:120:13-51
130        <activity
130-->src/main/AndroidManifest.xml:121:9-124:68
131            android:name="com.augmentcare.patient.activities.LabOrderViewActivity"
131-->src/main/AndroidManifest.xml:122:13-60
132            android:windowSoftInputMode="adjustResize|adjustPan" />
132-->src/main/AndroidManifest.xml:124:13-65
133        <activity
133-->src/main/AndroidManifest.xml:125:9-128:68
134            android:name="com.augmentcare.patient.activities.UpdateActivity"
134-->src/main/AndroidManifest.xml:126:13-54
135            android:windowSoftInputMode="adjustResize|adjustPan" />
135-->src/main/AndroidManifest.xml:128:13-65
136        <activity android:name="com.augmentcare.patient.activities.AddCardActivity" />
136-->src/main/AndroidManifest.xml:129:9-131:15
136-->src/main/AndroidManifest.xml:130:13-55
137        <activity android:name="com.augmentcare.patient.activities.TermAndConditionActivity" />
137-->src/main/AndroidManifest.xml:132:9-134:15
137-->src/main/AndroidManifest.xml:133:13-64
138        <activity android:name="com.augmentcare.patient.activities.PmdcWebViewActivity" />
138-->src/main/AndroidManifest.xml:135:9-137:15
138-->src/main/AndroidManifest.xml:136:13-59
139        <activity android:name="com.augmentcare.patient.activities.WebViewActivity" />
139-->src/main/AndroidManifest.xml:138:9-140:15
139-->src/main/AndroidManifest.xml:139:13-55
140        <activity android:name="com.augmentcare.patient.bottomsheets.CardSelectionDialogue" />
140-->src/main/AndroidManifest.xml:141:9-96
140-->src/main/AndroidManifest.xml:141:19-92
141        <activity android:name="com.augmentcare.patient.activities.ViewClaimImageActivity" />
141-->src/main/AndroidManifest.xml:142:9-73
141-->src/main/AndroidManifest.xml:142:19-68
142        <activity
142-->src/main/AndroidManifest.xml:143:9-146:55
143            android:name="com.augmentcare.patient.fragments.AddDependentMemberFragment"
143-->src/main/AndroidManifest.xml:144:13-65
144            android:windowSoftInputMode="adjustPan" />
144-->src/main/AndroidManifest.xml:146:13-52
145        <activity android:name="com.augmentcare.patient.activities.AddressActivity" />
145-->src/main/AndroidManifest.xml:147:9-64
145-->src/main/AndroidManifest.xml:147:19-61
146
147        <!-- #TODO OLD Code for marketing -->
148        <!-- <receiver -->
149        <!-- android:name="com.google.android.gms.analytics.CampaignTrackingReceiver" -->
150        <!-- android:enabled="true" -->
151        <!-- android:exported="true" -->
152        <!-- tools:ignore="ExportedReceiver"> -->
153        <!-- <intent-filter> -->
154        <!-- <action android:name="com.android.vending.INSTALL_REFERRER" /> -->
155        <!-- </intent-filter> -->
156        <!-- </receiver> -->
157        <!-- <receiver -->
158        <!-- android:name="com.adjust.sdk.AdjustReferrerReceiver" -->
159        <!-- android:exported="true" -->
160        <!-- android:permission="android.permission.INSTALL_PACKAGES"> -->
161        <!-- <intent-filter> -->
162        <!-- <action android:name="com.android.vending.INSTALL_REFERRER" /> -->
163        <!-- </intent-filter> -->
164        <!-- </receiver> -->
165
166
167        <!-- <service -->
168        <!-- android:name="com.google.android.gms.analytics.CampaignTrackingService" -->
169        <!-- android:enabled="true" -->
170        <!-- android:exported="false" /> -->
171
172
173        <!-- <receiver android:name="com.google.android.gms.analytics.AnalyticsReceiver" -->
174        <!-- android:enabled="true"> -->
175        <!-- <intent-filter> -->
176        <!-- <action android:name="com.google.android.gms.analytics.ANALYTICS_DISPATCH" /> -->
177        <!-- </intent-filter> -->
178        <!-- </receiver> -->
179        <!-- <service android:name="com.google.android.gms.analytics.AnalyticsService" -->
180        <!-- android:enabled="true" -->
181        <!-- android:exported="false"/> -->
182
183
184        <!-- #TODO NEW Code for marketing -->
185
186
187        <!-- Used for Google Play Store Campaign Measurement -->
188        <service
188-->src/main/AndroidManifest.xml:190:9-194:19
189            android:name="com.google.android.gms.analytics.CampaignTrackingService"
189-->src/main/AndroidManifest.xml:190:18-89
190            android:enabled="true"
190-->src/main/AndroidManifest.xml:192:13-35
191            android:exported="true"
191-->src/main/AndroidManifest.xml:193:13-36
192            android:permission="android.permission.WAKE_LOCK" >
192-->src/main/AndroidManifest.xml:191:13-62
193        </service>
194
195        <receiver
195-->src/main/AndroidManifest.xml:195:9-202:20
196            android:name="com.google.android.gms.analytics.CampaignTrackingReceiver"
196-->src/main/AndroidManifest.xml:195:19-91
197            android:enabled="true"
197-->src/main/AndroidManifest.xml:196:13-35
198            android:exported="true"
198-->src/main/AndroidManifest.xml:197:13-36
199            android:permission="android.permission.INSTALL_PACKAGES" >
199-->src/main/AndroidManifest.xml:198:13-69
200            <intent-filter>
200-->src/main/AndroidManifest.xml:199:13-201:29
201                <action android:name="com.android.vending.INSTALL_REFERRER" />
201-->src/main/AndroidManifest.xml:200:17-79
201-->src/main/AndroidManifest.xml:200:25-76
202            </intent-filter>
203        </receiver>
204        <receiver
204-->src/main/AndroidManifest.xml:203:9-210:20
205            android:name="com.augmentcare.patient.UtmReceiver"
205-->src/main/AndroidManifest.xml:203:19-46
206            android:enabled="true"
206-->src/main/AndroidManifest.xml:204:13-35
207            android:exported="true"
207-->src/main/AndroidManifest.xml:205:13-36
208            android:permission="android.permission.INSTALL_PACKAGES" >
208-->src/main/AndroidManifest.xml:206:13-69
209            <intent-filter>
209-->src/main/AndroidManifest.xml:199:13-201:29
210                <action android:name="com.android.vending.INSTALL_REFERRER" />
210-->src/main/AndroidManifest.xml:200:17-79
210-->src/main/AndroidManifest.xml:200:25-76
211            </intent-filter>
212        </receiver>
213        <receiver
213-->src/main/AndroidManifest.xml:211:9-216:20
214            android:name="com.google.android.gms.analytics.AnalyticsReceiver"
214-->src/main/AndroidManifest.xml:211:19-84
215            android:enabled="true"
215-->src/main/AndroidManifest.xml:212:13-35
216            android:exported="false" >
216-->[com.google.android.gms:play-services-analytics:17.0.0] AndroidManifest.xml:33:13-37
217            <intent-filter>
217-->src/main/AndroidManifest.xml:213:13-215:29
218                <action android:name="com.google.android.gms.analytics.ANALYTICS_DISPATCH" />
218-->src/main/AndroidManifest.xml:214:17-94
218-->src/main/AndroidManifest.xml:214:25-91
219            </intent-filter>
220        </receiver>
221
222        <service
222-->src/main/AndroidManifest.xml:217:9-219:39
223            android:name="com.google.android.gms.analytics.AnalyticsService"
223-->src/main/AndroidManifest.xml:217:18-82
224            android:enabled="true"
224-->src/main/AndroidManifest.xml:218:13-35
225            android:exported="false" />
225-->src/main/AndroidManifest.xml:219:13-37
226
227        <receiver
227-->src/main/AndroidManifest.xml:220:9-227:20
228            android:name="com.adjust.sdk.AdjustReferrerReceiver"
228-->src/main/AndroidManifest.xml:221:13-65
229            android:exported="true"
229-->src/main/AndroidManifest.xml:222:13-36
230            android:permission="android.permission.INSTALL_PACKAGES" >
230-->src/main/AndroidManifest.xml:223:13-69
231            <intent-filter>
231-->src/main/AndroidManifest.xml:199:13-201:29
232                <action android:name="com.android.vending.INSTALL_REFERRER" />
232-->src/main/AndroidManifest.xml:200:17-79
232-->src/main/AndroidManifest.xml:200:25-76
233            </intent-filter>
234        </receiver>
235
236        <!-- <service android:name=".notifications.HeadsUpNotificationService" -->
237        <!-- android:enabled="true" -->
238        <!-- android:exported="false"/> -->
239
240
241        <!-- <receiver android:name=".notifications.HeadsUpNotificationActionReceiver" -->
242        <!-- android:enabled="true"> -->
243
244
245        <!-- </receiver> -->
246
247        <activity
247-->[com.blankj:utilcodex:1.26.0] AndroidManifest.xml:10:9-15:75
248            android:name="com.blankj.utilcode.util.Utils$TransActivity"
248-->[com.blankj:utilcodex:1.26.0] AndroidManifest.xml:11:13-72
249            android:configChanges="orientation|keyboardHidden|screenSize"
249-->[com.blankj:utilcodex:1.26.0] AndroidManifest.xml:12:13-74
250            android:multiprocess="true"
250-->[com.blankj:utilcodex:1.26.0] AndroidManifest.xml:13:13-40
251            android:theme="@style/ActivityTranslucent"
251-->[com.blankj:utilcodex:1.26.0] AndroidManifest.xml:14:13-55
252            android:windowSoftInputMode="stateHidden|stateAlwaysHidden" />
252-->[com.blankj:utilcodex:1.26.0] AndroidManifest.xml:15:13-72
253
254        <provider
254-->[com.blankj:utilcodex:1.26.0] AndroidManifest.xml:17:9-26:20
255            android:name="com.blankj.utilcode.util.Utils$FileProvider4UtilCode"
255-->[com.blankj:utilcodex:1.26.0] AndroidManifest.xml:18:13-80
256            android:authorities="com.augmentcare.patient.utilcode.provider"
256-->[com.blankj:utilcodex:1.26.0] AndroidManifest.xml:19:13-69
257            android:exported="false"
257-->[com.blankj:utilcodex:1.26.0] AndroidManifest.xml:20:13-37
258            android:grantUriPermissions="true"
258-->[com.blankj:utilcodex:1.26.0] AndroidManifest.xml:21:13-47
259            android:multiprocess="true" >
259-->[com.blankj:utilcodex:1.26.0] AndroidManifest.xml:22:13-40
260            <meta-data
260-->[com.blankj:utilcodex:1.26.0] AndroidManifest.xml:23:13-25:68
261                android:name="android.support.FILE_PROVIDER_PATHS"
261-->[com.blankj:utilcodex:1.26.0] AndroidManifest.xml:24:17-67
262                android:resource="@xml/util_code_provider_paths" />
262-->[com.blankj:utilcodex:1.26.0] AndroidManifest.xml:25:17-65
263        </provider>
264
265        <service android:name="com.blankj.utilcode.util.MessengerUtils$ServerService" >
265-->[com.blankj:utilcodex:1.26.0] AndroidManifest.xml:28:9-32:19
265-->[com.blankj:utilcodex:1.26.0] AndroidManifest.xml:28:18-86
266            <intent-filter>
266-->[com.blankj:utilcodex:1.26.0] AndroidManifest.xml:29:13-31:29
267                <action android:name="com.augmentcare.patient.messenger" />
267-->[com.blankj:utilcodex:1.26.0] AndroidManifest.xml:30:17-69
267-->[com.blankj:utilcodex:1.26.0] AndroidManifest.xml:30:25-66
268            </intent-filter>
269        </service>
270
271        <activity
271-->[com.facebook.android:facebook-common:4.42.0] AndroidManifest.xml:29:9-32:66
272            android:name="com.facebook.FacebookActivity"
272-->[com.facebook.android:facebook-common:4.42.0] AndroidManifest.xml:30:13-57
273            android:configChanges="keyboard|keyboardHidden|screenLayout|screenSize|orientation"
273-->[com.facebook.android:facebook-common:4.42.0] AndroidManifest.xml:31:13-96
274            android:theme="@style/com_facebook_activity_theme" />
274-->[com.facebook.android:facebook-common:4.42.0] AndroidManifest.xml:32:13-63
275        <activity android:name="com.facebook.CustomTabMainActivity" />
275-->[com.facebook.android:facebook-common:4.42.0] AndroidManifest.xml:33:9-71
275-->[com.facebook.android:facebook-common:4.42.0] AndroidManifest.xml:33:19-68
276        <activity android:name="com.facebook.CustomTabActivity" /> <!-- Autocomplete -->
276-->[com.facebook.android:facebook-common:4.42.0] AndroidManifest.xml:34:9-67
276-->[com.facebook.android:facebook-common:4.42.0] AndroidManifest.xml:34:19-64
277        <activity
277-->[com.google.android.libraries.places:places:1.1.0] AndroidManifest.xml:16:9-23:20
278            android:name="com.google.android.libraries.places.widget.AutocompleteActivity"
278-->[com.google.android.libraries.places:places:1.1.0] AndroidManifest.xml:17:13-91
279            android:exported="false"
279-->[com.google.android.libraries.places:places:1.1.0] AndroidManifest.xml:18:13-37
280            android:hardwareAccelerated="true"
280-->[com.google.android.libraries.places:places:1.1.0] AndroidManifest.xml:19:13-47
281            android:label="@string/places_autocomplete_label"
281-->[com.google.android.libraries.places:places:1.1.0] AndroidManifest.xml:20:13-62
282            android:theme="@style/PlacesAutocompleteThemeOverlay"
282-->[com.google.android.libraries.places:places:1.1.0] AndroidManifest.xml:21:13-66
283            android:windowSoftInputMode="stateAlwaysVisible|adjustPan" >
283-->[com.google.android.libraries.places:places:1.1.0] AndroidManifest.xml:22:13-71
284        </activity>
285
286        <service android:name="io.intercom.android.sdk.fcm.IntercomFcmMessengerService" >
286-->[io.intercom.android:intercom-sdk-fcm:4.1.9] AndroidManifest.xml:11:9-15:19
286-->[io.intercom.android:intercom-sdk-fcm:4.1.9] AndroidManifest.xml:11:18-88
287            <intent-filter android:priority="-400" >
287-->src/main/AndroidManifest.xml:87:13-89:29
288                <action android:name="com.google.firebase.MESSAGING_EVENT" />
288-->src/main/AndroidManifest.xml:88:17-78
288-->src/main/AndroidManifest.xml:88:25-75
289            </intent-filter>
290        </service>
291        <service android:name="io.intercom.android.sdk.fcm.IntercomFcmInstanceIdService" >
291-->[io.intercom.android:intercom-sdk-fcm:4.1.9] AndroidManifest.xml:16:9-20:19
291-->[io.intercom.android:intercom-sdk-fcm:4.1.9] AndroidManifest.xml:16:18-89
292            <intent-filter android:priority="-400" >
292-->[io.intercom.android:intercom-sdk-fcm:4.1.9] AndroidManifest.xml:17:13-19:29
292-->[io.intercom.android:intercom-sdk-fcm:4.1.9] AndroidManifest.xml:17:28-51
293                <action android:name="com.google.firebase.INSTANCE_ID_EVENT" />
293-->[io.intercom.android:intercom-sdk-fcm:4.1.9] AndroidManifest.xml:18:17-80
293-->[io.intercom.android:intercom-sdk-fcm:4.1.9] AndroidManifest.xml:18:25-77
294            </intent-filter>
295        </service>
296
297        <activity
297-->[io.intercom.android:intercom-sdk-base:6.0.0] AndroidManifest.xml:13:9-19:73
298            android:name="io.intercom.android.sdk.activities.IntercomMessengerActivity"
298-->[io.intercom.android:intercom-sdk-base:6.0.0] AndroidManifest.xml:14:13-88
299            android:configChanges="screenSize|orientation"
299-->[io.intercom.android:intercom-sdk-base:6.0.0] AndroidManifest.xml:15:13-59
300            android:exported="false"
300-->[io.intercom.android:intercom-sdk-base:6.0.0] AndroidManifest.xml:16:13-37
301            android:launchMode="singleTop"
301-->[io.intercom.android:intercom-sdk-base:6.0.0] AndroidManifest.xml:17:13-43
302            android:theme="@style/Intercom_PanelTheme"
302-->[io.intercom.android:intercom-sdk-base:6.0.0] AndroidManifest.xml:18:13-55
303            android:windowSoftInputMode="stateUnchanged|adjustResize" />
303-->[io.intercom.android:intercom-sdk-base:6.0.0] AndroidManifest.xml:19:13-70
304        <activity
304-->[io.intercom.android:intercom-sdk-base:6.0.0] AndroidManifest.xml:20:9-25:73
305            android:name="io.intercom.android.sdk.lightbox.LightBoxActivity"
305-->[io.intercom.android:intercom-sdk-base:6.0.0] AndroidManifest.xml:21:13-77
306            android:configChanges="screenSize|orientation"
306-->[io.intercom.android:intercom-sdk-base:6.0.0] AndroidManifest.xml:22:13-59
307            android:exported="false"
307-->[io.intercom.android:intercom-sdk-base:6.0.0] AndroidManifest.xml:23:13-37
308            android:theme="@style/Intercom_LightBoxTheme"
308-->[io.intercom.android:intercom-sdk-base:6.0.0] AndroidManifest.xml:24:13-58
309            android:windowSoftInputMode="stateUnchanged|adjustResize" />
309-->[io.intercom.android:intercom-sdk-base:6.0.0] AndroidManifest.xml:25:13-70
310        <activity
310-->[io.intercom.android:intercom-sdk-base:6.0.0] AndroidManifest.xml:26:9-31:57
311            android:name="io.intercom.android.sdk.activities.IntercomArticleActivity"
311-->[io.intercom.android:intercom-sdk-base:6.0.0] AndroidManifest.xml:27:13-86
312            android:exported="false"
312-->[io.intercom.android:intercom-sdk-base:6.0.0] AndroidManifest.xml:28:13-37
313            android:launchMode="singleTop"
313-->[io.intercom.android:intercom-sdk-base:6.0.0] AndroidManifest.xml:29:13-43
314            android:theme="@style/Intercom_ModalActivityTheme"
314-->[io.intercom.android:intercom-sdk-base:6.0.0] AndroidManifest.xml:30:13-63
315            android:windowSoftInputMode="stateHidden" />
315-->[io.intercom.android:intercom-sdk-base:6.0.0] AndroidManifest.xml:31:13-54
316        <activity
316-->[io.intercom.android:intercom-sdk-base:6.0.0] AndroidManifest.xml:32:9-38:57
317            android:name="io.intercom.android.sdk.activities.IntercomHelpCenterActivity"
317-->[io.intercom.android:intercom-sdk-base:6.0.0] AndroidManifest.xml:33:13-89
318            android:configChanges="screenSize|orientation"
318-->[io.intercom.android:intercom-sdk-base:6.0.0] AndroidManifest.xml:34:13-59
319            android:exported="false"
319-->[io.intercom.android:intercom-sdk-base:6.0.0] AndroidManifest.xml:35:13-37
320            android:launchMode="singleTop"
320-->[io.intercom.android:intercom-sdk-base:6.0.0] AndroidManifest.xml:36:13-43
321            android:theme="@style/Intercom_ModalActivityTheme"